


ARM Macro Assembler    Page 1 


    1 00000000                 AREA             MYCODE, CODE, READONLY
    2 00000000         
    3 00000000                 ENTRY
    4 00000000                 EXPORT           main
    5 00000000         
    6 00000000         
    7 00000000         main
    8 00000000         ;;;;;;;;;;User Code Starts from the next line;;;;;;;;;;;
                       ;
    9 00000000         
   10 00000000 F04F 000C       MOV              R0, #12
   11 00000004         
   12 00000004 4F03            LDR              R7, =array  ; R7 = array addres
                                                            s
   13 00000006 F04F 0808       MOV              R8, #8      ; R8 = array index 
                                                            position to store R
                                                            0 into
   14 0000000A F847 0008       STR              R0, [R7, R8] ; store R0 into ar
                                                            ray[R8]
   15 0000000E         
   16 0000000E F857 2008       LDR              R2, [R7, R8]
   17 00000012         
   18 00000012         STOP
   19 00000012 E7FE            B                STOP
   20 00000014         
   21 00000014 00000000        AREA             DATAARR, DATA, READWRITE
   22 00000000         
   23 00000000 00000000 
                       array   DCD              0
   24 00000004 00000016        DCD              22
   25 00000008 0000000D        DCD              13
   26 0000000C 00000028        DCD              40
   27 00000010 00000096        DCD              150
   28 00000014 0000000D        DCD              13
   29 00000018         
   30 00000018                 END                          ;End of the program
                                                            
Command Line: --debug --xref --diag_suppress=9931 --cpu=Cortex-M3 --apcs=interw
ork --depend=.\objects\xxx.d -o.\objects\xxx.o -I.\RTE\_Target_1 -IC:\Keil_v5\A
RM\PACK\ARM\CMSIS\5.0.1\CMSIS\Include -IC:\Keil_v5\ARM\PACK\ARM\CMSIS\5.0.1\Dev
ice\ARM\ARMCM3\Include --predefine="__EVAL SETA 1" --predefine="__UVISION_VERSI
ON SETA 524" --predefine="_RTE_ SETA 1" --predefine="ARMCM3 SETA 1" --list=.\li
stings\xxx.lst xxx.s



ARM Macro Assembler    Page 1 Alphabetic symbol ordering
Relocatable symbols

MYCODE 00000000

Symbol: MYCODE
   Definitions
      At line 1 in file xxx.s
   Uses
      None
Comment: MYCODE unused
STOP 00000012

Symbol: STOP
   Definitions
      At line 18 in file xxx.s
   Uses
      At line 19 in file xxx.s
Comment: STOP used once
main 00000000

Symbol: main
   Definitions
      At line 7 in file xxx.s
   Uses
      At line 4 in file xxx.s
Comment: main used once
3 symbols



ARM Macro Assembler    Page 1 Alphabetic symbol ordering
Relocatable symbols

DATAARR 00000000

Symbol: DATAARR
   Definitions
      At line 21 in file xxx.s
   Uses
      None
Comment: DATAARR unused
array 00000000

Symbol: array
   Definitions
      At line 23 in file xxx.s
   Uses
      At line 12 in file xxx.s
Comment: array used once
2 symbols
341 symbols in table
